0 info it worked if it ends with ok
1 verbose cli [ 'C:\\Program Files\\nodejs\\node.exe',
1 verbose cli   'C:\\Program Files\\nodejs\\node_modules\\npm\\bin\\npm-cli.js',
1 verbose cli   'run',
1 verbose cli   'dev' ]
2 info using npm@3.10.10
3 info using node@v6.9.5
4 verbose run-script [ 'predev', 'dev', 'postdev' ]
5 info lifecycle bt-utils@1.0.1~predev: bt-utils@1.0.1
6 silly lifecycle bt-utils@1.0.1~predev: no script for predev, continuing
7 info lifecycle bt-utils@1.0.1~dev: bt-utils@1.0.1
8 verbose lifecycle bt-utils@1.0.1~dev: unsafe-perm in lifecycle true
9 verbose lifecycle bt-utils@1.0.1~dev: PATH: C:\Program Files\nodejs\node_modules\npm\bin\node-gyp-bin;D:\xampp\htdocs\js_frame\bt-utils\node_modules\.bin;C:\ProgramData\Oracle\Java\javapath;C:\Windows\system32;C:\Windows;C:\Windows\System32\Wbem;C:\Windows\System32\WindowsPowerShell\v1.0\;C:\Program Files\Git\cmd;C:\Program Files\TortoiseSVN\bin;C:\Program Files\nodejs\;C:\Program Files\Microsoft\Web Platform Installer\;C:\Program Files (x86)\Microsoft ASP.NET\ASP.NET Web Pages\v1.0\;C:\Program Files (x86)\Windows Kits\8.0\Windows Performance Toolkit\;C:\Program Files\Microsoft SQL Server\110\Tools\Binn\;C:\Program Files\TortoiseGit\bin;D:\xampp\php;C:\Program Files\Calibre2\;D:\xampp\php\pthreadVC2.dll;C:\Windows\System32\pthreadVC2.dll;C:\Program Files\Java\jdk1.6.0_26\bin;C:\Program Files\Java\jdk1.6.0_26\jre\bin;C:\Go\bin;C:\Program Files\MIT\Kerberos\bin;C:\Users\Administrator\AppData\Roaming\npm;D:\xampp\php;C:\Go\bin\go.exe;C:\Program Files (x86)\Microsoft VS Code\bin
10 verbose lifecycle bt-utils@1.0.1~dev: CWD: D:\xampp\htdocs\js_frame\bt-utils
11 silly lifecycle bt-utils@1.0.1~dev: Args: [ '/d /s /c',
11 silly lifecycle   'webpack-dev-server --content-base ./ --inline --hot --compress --history-api-fallback --config webpack.config.js' ]
12 verbose stack Error: kill ENOSYS
12 verbose stack     at exports._errnoException (util.js:1022:11)
12 verbose stack     at process.kill (internal/process.js:172:13)
12 verbose stack     at process.listener (C:\Program Files\nodejs\node_modules\npm\node_modules\npmlog\node_modules\gauge\node_modules\signal-exit\index.js:86:15)
12 verbose stack     at emitNone (events.js:91:20)
12 verbose stack     at process.emit (events.js:185:7)
12 verbose stack     at processEmit (C:\Program Files\nodejs\node_modules\npm\node_modules\npmlog\node_modules\gauge\node_modules\signal-exit\index.js:146:32)
12 verbose stack     at processEmit (C:\Program Files\nodejs\node_modules\npm\node_modules\npm-registry-client\node_modules\npmlog\node_modules\gauge\node_modules\signal-exit\index.js:146:32)
12 verbose stack     at Signal.wrap.onsignal (internal/process.js:199:44)
13 verbose cwd D:\xampp\htdocs\js_frame\bt-utils
14 error Windows_NT 6.1.7601
15 error argv "C:\\Program Files\\nodejs\\node.exe" "C:\\Program Files\\nodejs\\node_modules\\npm\\bin\\npm-cli.js" "run" "dev"
16 error node v6.9.5
17 error npm  v3.10.10
18 error code ENOSYS
19 error errno ENOSYS
20 error syscall kill
21 error kill ENOSYS
22 error If you need help, you may report this error at:
22 error     <https://github.com/npm/npm/issues>
23 verbose exit [ 1, true ]
